"tory-burch-simone-cardigan"
"forever-21-long-line-cardigan"
"ella-moss-minka-jacket"
"forever-21-zigzag-cutout-tank"
"forever-21-cropped-mickey-mouse-sweatshirt"
"under-armour-womens-heatgear-sonic-all-in-one-capri"
"versace-laced-sheath-dress"
"topshop-bright-blue-aline-skirt"
"amanda-uprichard-silk-maxi-dress"
"h-and-m-skirt-with-suspenders"
"young-and-reckless-elegant-womens-tank"
"qmack-sweater-long-sleeve-aztec-stripe-cardigan"
"doors-black-t-shirt"
"victorias-secret-beach-sexy-r-the-liya-push-up-halter-top"
"topshop-fitted-denim-shirt"
"american-college-baseball-jacket"
"matthew-williamson-spring-2010-rtw-stone-cropped-pleat-back-leather-jacket"
"lucca-couture-monica-bustier-dress"
"topshop-moto-cut-off-shorts"
"forever-21-peacock-print-maxi-dress"
"vera-wang-tulip-chantilly-lace-overlay-dress"
"rachel-zoe-trish-coat"
"j-mendel-faille-dress"
"french-connection-fcuk-alicia-lace-flare-dress"
"mossimo-supply-co-juniors-cami-w-shelf-bra"
"matthew-williamson-wool-blend-dress"
"vince-camuto-tiered-pleat-shell-top"
"tory-burch-hayley-jacket"
"10-crosby-by-derek-lam-silk-colorblock-sweater"
"tory-burch-simone-cardigan"
"forever-21-long-line-cardigan"
"tory-burch-simone-cardigan"
"forever-21-long-line-cardigan"
rake aborted!
OpenURI::HTTPError: 429 Too Many Requests
/var/www/dev.vigme.com/lib/tasks/kimono.rake:105:in `getImageUrl'
/var/www/dev.vigme.com/lib/tasks/kimono.rake:90:in `getProduct'
/var/www/dev.vigme.com/lib/tasks/kimono.rake:69:in `block in getProducts'
/var/www/dev.vigme.com/lib/tasks/kimono.rake:54:in `each'
/var/www/dev.vigme.com/lib/tasks/kimono.rake:54:in `getProducts'
/var/www/dev.vigme.com/lib/tasks/kimono.rake:33:in `block (3 levels) in <top (required)>'
/var/www/dev.vigme.com/lib/tasks/kimono.rake:8:in `each'
/var/www/dev.vigme.com/lib/tasks/kimono.rake:8:in `block (2 levels) in <top (required)>'
Tasks: TOP => kimono:coolspotters
(See full trace by running task with --trace)
"2 - kristen-stewart"
"4533 - nina-dobrev"
"4 - emma-watson"
"5 - selena-gomez"
"30 - blake-lively"
"20 - lily-collins"
"18 - emma-stone"
"14 - jennifer-lawrence"
"6 - ariana-grande"
"13 - ashley-greene"
"12 - vanessa-hudgens"
"48 - dakota-johnson"
"19 - nikki-reed"
"16 - ashley-tisdale"
"8 - shailene-woodley"
"37 - sarah-hyland"
"17 - hilary-duff"
"72 - jennifer-morrison"
"10 - chloe-moretz"
"9 - lucy-hale"
"115 - jennifer-garner"
"33 - reese-witherspoon"
"107 - annasophia-robb"
"7 - michelle-keegan"
"40 - dakota-fanning"
"22 - jessica-alba"
"28 - rachel-bilson"
"150 - anne-hathaway"
"66 - sarah-michelle-gellar"
"21 - jenna-louise-coleman"
"308 - felicity-jones"
"73 - dianna-agron"
"24 - elle-fanning"
"172 - kaya-scodelario"
"416 - marion-cotillard"
"137 - sofia-vergara"
"143 - sienna-miller"
"357 - gillian-jacobs"
"23 - bella-thorne"
"384 - kerry-washington"
"296 - jessica-chastain"
"268 - kate-hudson"
"118 - emmy-rossum"
"104 - rooney-mara"
"215 - natalie-portman"
"114 - michelle-williams"
"260 - eva-green"
"703 - rose-byrne"
"723 - january-jones"
"topshop-fitted-denim-shirt"
"doors-black-t-shirt"
"vera-wang-tulip-chantilly-lace-overlay-dress"
"rachel-zoe-trish-coat"
"lucca-couture-monica-bustier-dress"
"topshop-moto-cut-off-shorts"
"j-mendel-faille-dress"
"french-connection-fcuk-alicia-lace-flare-dress"
"victorias-secret-beach-sexy-r-the-liya-push-up-halter-top"
"forever-21-long-line-cardigan"
"tory-burch-simone-cardigan"
"j-crew-silk-camisole"
"forever-21-zigzag-cutout-tank"
"371 - stana-katic"
"topshop-fitted-denim-shirt"
"doors-black-t-shirt"
"vera-wang-tulip-chantilly-lace-overlay-dress"
"rachel-zoe-trish-coat"
"lucca-couture-monica-bustier-dress"
"topshop-moto-cut-off-shorts"
"j-mendel-faille-dress"
"french-connection-fcuk-alicia-lace-flare-dress"
"victorias-secret-beach-sexy-r-the-liya-push-up-halter-top"
"forever-21-long-line-cardigan"
"tory-burch-simone-cardigan"
"j-crew-silk-camisole"
"forever-21-zigzag-cutout-tank"
"654 - michelle-monaghan"
"topshop-fitted-denim-shirt"
"doors-black-t-shirt"
"vera-wang-tulip-chantilly-lace-overlay-dress"
"rachel-zoe-trish-coat"
"lucca-couture-monica-bustier-dress"
"topshop-moto-cut-off-shorts"
"j-mendel-faille-dress"
"french-connection-fcuk-alicia-lace-flare-dress"
"victorias-secret-beach-sexy-r-the-liya-push-up-halter-top"
"forever-21-long-line-cardigan"
"tory-burch-simone-cardigan"
"forever-21-zigzag-cutout-tank"
"443 - kate-bosworth"
"topshop-fitted-denim-shirt"
"doors-black-t-shirt"
"vera-wang-tulip-chantilly-lace-overlay-dress"
"rachel-zoe-trish-coat"
"lucca-couture-monica-bustier-dress"
"topshop-moto-cut-off-shorts"
"j-mendel-faille-dress"
"french-connection-fcuk-alicia-lace-flare-dress"
"victorias-secret-beach-sexy-r-the-liya-push-up-halter-top"
"forever-21-long-line-cardigan"
"tory-burch-simone-cardigan"
"j-crew-silk-camisole"
"forever-21-zigzag-cutout-tank"
"392 - renee-zellweger"
"topshop-fitted-denim-shirt"
"doors-black-t-shirt"
"vera-wang-tulip-chantilly-lace-overlay-dress"
"rachel-zoe-trish-coat"
"lucca-couture-monica-bustier-dress"
"topshop-moto-cut-off-shorts"
"j-mendel-faille-dress"
"french-connection-fcuk-alicia-lace-flare-dress"
"victorias-secret-beach-sexy-r-the-liya-push-up-halter-top"
"forever-21-long-line-cardigan"
"tory-burch-simone-cardigan"
"j-crew-silk-camisole"
"forever-21-zigzag-cutout-tank"
"153 - kirsten-dunst"
"topshop-fitted-denim-shirt"
"doors-black-t-shirt"
"vera-wang-tulip-chantilly-lace-overlay-dress"
"rachel-zoe-trish-coat"
"lucca-couture-monica-bustier-dress"
"topshop-moto-cut-off-shorts"
"j-mendel-faille-dress"
"french-connection-fcuk-alicia-lace-flare-dress"
"victorias-secret-beach-sexy-r-the-liya-push-up-halter-top"
"forever-21-long-line-cardigan"
"tory-burch-simone-cardigan"
"j-crew-silk-camisole"
"forever-21-zigzag-cutout-tank"
"80 - charlize-theron"
"topshop-fitted-denim-shirt"
"doors-black-t-shirt"
"vera-wang-tulip-chantilly-lace-overlay-dress"
"rachel-zoe-trish-coat"
"lucca-couture-monica-bustier-dress"
"topshop-moto-cut-off-shorts"
"j-mendel-faille-dress"
"french-connection-fcuk-alicia-lace-flare-dress"
"victorias-secret-beach-sexy-r-the-liya-push-up-halter-top"
"forever-21-long-line-cardigan"
"tory-burch-simone-cardigan"
"j-crew-silk-camisole"
"forever-21-zigzag-cutout-tank"
"110 - willow-shields"
"topshop-fitted-denim-shirt"
"doors-black-t-shirt"
"vera-wang-tulip-chantilly-lace-overlay-dress"
"rachel-zoe-trish-coat"
"lucca-couture-monica-bustier-dress"
"topshop-moto-cut-off-shorts"
"j-mendel-faille-dress"
"french-connection-fcuk-alicia-lace-flare-dress"
"victorias-secret-beach-sexy-r-the-liya-push-up-halter-top"
"forever-21-long-line-cardigan"
"tory-burch-simone-cardigan"
"forever-21-zigzag-cutout-tank"
"227 - margot-robbie"
"topshop-fitted-denim-shirt"
"doors-black-t-shirt"
"vera-wang-tulip-chantilly-lace-overlay-dress"
"rachel-zoe-trish-coat"
"lucca-couture-monica-bustier-dress"
"topshop-moto-cut-off-shorts"
"j-mendel-faille-dress"
"french-connection-fcuk-alicia-lace-flare-dress"
"victorias-secret-beach-sexy-r-the-liya-push-up-halter-top"
"forever-21-long-line-cardigan"
"tory-burch-simone-cardigan"
"j-crew-silk-camisole"
"forever-21-zigzag-cutout-tank"
"46 - holland-roden"
"topshop-fitted-denim-shirt"
"doors-black-t-shirt"
"vera-wang-tulip-chantilly-lace-overlay-dress"
"rachel-zoe-trish-coat"
"lucca-couture-monica-bustier-dress"
"topshop-moto-cut-off-shorts"
"j-mendel-faille-dress"
"french-connection-fcuk-alicia-lace-flare-dress"
"victorias-secret-beach-sexy-r-the-liya-push-up-halter-top"
"forever-21-long-line-cardigan"
"tory-burch-simone-cardigan"
"j-crew-silk-camisole"
"forever-21-zigzag-cutout-tank"
"120 - jessica-biel"
"671 - jaime-king"
"3920 - elizabeth-banks"
"3323 - juno-temple"
"179 - carey-mulligan"
"56 - lindsay-lohan"
"122 - anna-kendrick"
"88 - katie-holmes"
"349 - mariska-hargitay"
"721 - rashida-jones"
"3248 - sarah-paulson"
"679 - ashley-madekwe"
"468 - liana-liberato"
"92 - hailee-steinfeld"
"160 - janel-parrish"
"274 - gemma-arterton"
"3655 - rachael-taylor"
"409 - emily-vancamp"
"3495 - alison-brie"
rake aborted!
TypeError: no implicit conversion of nil into String
/var/www/dev.vigme.com/lib/tasks/kimono.rake:54:in `+'
/var/www/dev.vigme.com/lib/tasks/kimono.rake:54:in `block (4 levels) in <top (required)>'
/var/www/dev.vigme.com/lib/tasks/kimono.rake:10:in `each'
/var/www/dev.vigme.com/lib/tasks/kimono.rake:10:in `block (3 levels) in <top (required)>'
/var/www/dev.vigme.com/lib/tasks/kimono.rake:5:in `each'
/var/www/dev.vigme.com/lib/tasks/kimono.rake:5:in `block (2 levels) in <top (required)>'
Tasks: TOP => kimono:coolspotters
(See full trace by running task with --trace)
"2 - kristen-stewart"
"4533 - nina-dobrev"
"4 - emma-watson"
"5 - selena-gomez"
"30 - blake-lively"
"20 - lily-collins"
"18 - emma-stone"
"14 - jennifer-lawrence"
"6 - ariana-grande"
"13 - ashley-greene"
"12 - vanessa-hudgens"
"48 - dakota-johnson"
"19 - nikki-reed"
"16 - ashley-tisdale"
"8 - shailene-woodley"
"37 - sarah-hyland"
"17 - hilary-duff"
"72 - jennifer-morrison"
"10 - chloe-moretz"
"9 - lucy-hale"
"115 - jennifer-garner"
"33 - reese-witherspoon"
"107 - annasophia-robb"
"7 - michelle-keegan"
"40 - dakota-fanning"
"22 - jessica-alba"
"28 - rachel-bilson"
"150 - anne-hathaway"
"66 - sarah-michelle-gellar"
"21 - jenna-louise-coleman"
"308 - felicity-jones"
"73 - dianna-agron"
"24 - elle-fanning"
"172 - kaya-scodelario"
"416 - marion-cotillard"
"137 - sofia-vergara"
"143 - sienna-miller"
"357 - gillian-jacobs"
"23 - bella-thorne"
"384 - kerry-washington"
"296 - jessica-chastain"
"268 - kate-hudson"
"118 - emmy-rossum"
"104 - rooney-mara"
"215 - natalie-portman"
"114 - michelle-williams"
"260 - eva-green"
"703 - rose-byrne"
"723 - january-jones"
"371 - stana-katic"
"654 - michelle-monaghan"
"443 - kate-bosworth"
"392 - renee-zellweger"
"153 - kirsten-dunst"
"80 - charlize-theron"
"110 - willow-shields"
"227 - margot-robbie"
"46 - holland-roden"
"120 - jessica-biel"
"671 - jaime-king"
"3920 - elizabeth-banks"
"3323 - juno-temple"
"179 - carey-mulligan"
"56 - lindsay-lohan"
"122 - anna-kendrick"
"88 - katie-holmes"
"349 - mariska-hargitay"
"721 - rashida-jones"
"3248 - sarah-paulson"
"679 - ashley-madekwe"
"468 - liana-liberato"
"92 - hailee-steinfeld"
"160 - janel-parrish"
"274 - gemma-arterton"
"3655 - rachael-taylor"
"409 - emily-vancamp"
"3495 - alison-brie"
rake aborted!
TypeError: no implicit conversion of nil into String
/var/www/dev.vigme.com/lib/tasks/kimono.rake:54:in `+'
/var/www/dev.vigme.com/lib/tasks/kimono.rake:54:in `block (4 levels) in <top (required)>'
/var/www/dev.vigme.com/lib/tasks/kimono.rake:10:in `each'
/var/www/dev.vigme.com/lib/tasks/kimono.rake:10:in `block (3 levels) in <top (required)>'
/var/www/dev.vigme.com/lib/tasks/kimono.rake:5:in `each'
/var/www/dev.vigme.com/lib/tasks/kimono.rake:5:in `block (2 levels) in <top (required)>'
Tasks: TOP => kimono:coolspotters
(See full trace by running task with --trace)
"2 - kristen-stewart"
"4533 - nina-dobrev"
"4 - emma-watson"
"5 - selena-gomez"
"30 - blake-lively"
"20 - lily-collins"
"18 - emma-stone"
"14 - jennifer-lawrence"
"6 - ariana-grande"
"13 - ashley-greene"
"12 - vanessa-hudgens"
"48 - dakota-johnson"
"19 - nikki-reed"
"16 - ashley-tisdale"
"8 - shailene-woodley"
"37 - sarah-hyland"
"17 - hilary-duff"
"72 - jennifer-morrison"
"10 - chloe-moretz"
"9 - lucy-hale"
"115 - jennifer-garner"
"33 - reese-witherspoon"
"107 - annasophia-robb"
"7 - michelle-keegan"
"40 - dakota-fanning"
"22 - jessica-alba"
"28 - rachel-bilson"
"150 - anne-hathaway"
"66 - sarah-michelle-gellar"
"21 - jenna-louise-coleman"
"308 - felicity-jones"
"73 - dianna-agron"
"24 - elle-fanning"
"172 - kaya-scodelario"
"416 - marion-cotillard"
"137 - sofia-vergara"
"143 - sienna-miller"
"357 - gillian-jacobs"
"23 - bella-thorne"
"384 - kerry-washington"
"296 - jessica-chastain"
"268 - kate-hudson"
"118 - emmy-rossum"
"104 - rooney-mara"
"215 - natalie-portman"
"114 - michelle-williams"
"260 - eva-green"
"703 - rose-byrne"
"723 - january-jones"
"371 - stana-katic"
"654 - michelle-monaghan"
"443 - kate-bosworth"
"392 - renee-zellweger"
"153 - kirsten-dunst"
"80 - charlize-theron"
"110 - willow-shields"
"227 - margot-robbie"
"46 - holland-roden"
"120 - jessica-biel"
"671 - jaime-king"
"3920 - elizabeth-banks"
"3323 - juno-temple"
"179 - carey-mulligan"
"56 - lindsay-lohan"
"122 - anna-kendrick"
"88 - katie-holmes"
"349 - mariska-hargitay"
"721 - rashida-jones"
"3248 - sarah-paulson"
"679 - ashley-madekwe"
"468 - liana-liberato"
"92 - hailee-steinfeld"
"160 - janel-parrish"
"274 - gemma-arterton"
"3655 - rachael-taylor"
"409 - emily-vancamp"
"3495 - alison-brie"
rake aborted!
TypeError: no implicit conversion of nil into String
/var/www/dev.vigme.com/lib/tasks/kimono.rake:54:in `+'
/var/www/dev.vigme.com/lib/tasks/kimono.rake:54:in `block (4 levels) in <top (required)>'
/var/www/dev.vigme.com/lib/tasks/kimono.rake:10:in `each'
/var/www/dev.vigme.com/lib/tasks/kimono.rake:10:in `block (3 levels) in <top (required)>'
/var/www/dev.vigme.com/lib/tasks/kimono.rake:5:in `each'
/var/www/dev.vigme.com/lib/tasks/kimono.rake:5:in `block (2 levels) in <top (required)>'
Tasks: TOP => kimono:coolspotters
(See full trace by running task with --trace)
"2 - kristen-stewart"
"4533 - nina-dobrev"
"4 - emma-watson"
"5 - selena-gomez"
"30 - blake-lively"
"20 - lily-collins"
"18 - emma-stone"
"14 - jennifer-lawrence"
"6 - ariana-grande"
"13 - ashley-greene"
"12 - vanessa-hudgens"
"48 - dakota-johnson"
"19 - nikki-reed"
"16 - ashley-tisdale"
"8 - shailene-woodley"
"37 - sarah-hyland"
"17 - hilary-duff"
"72 - jennifer-morrison"
"10 - chloe-moretz"
"9 - lucy-hale"
"115 - jennifer-garner"
"33 - reese-witherspoon"
"107 - annasophia-robb"
"7 - michelle-keegan"
"40 - dakota-fanning"
"22 - jessica-alba"
"28 - rachel-bilson"
"150 - anne-hathaway"
"66 - sarah-michelle-gellar"
"21 - jenna-louise-coleman"
"308 - felicity-jones"
"73 - dianna-agron"
"24 - elle-fanning"
"172 - kaya-scodelario"
"416 - marion-cotillard"
"137 - sofia-vergara"
"143 - sienna-miller"
"357 - gillian-jacobs"
"23 - bella-thorne"
"384 - kerry-washington"
"296 - jessica-chastain"
"268 - kate-hudson"
"118 - emmy-rossum"
"104 - rooney-mara"
"215 - natalie-portman"
"114 - michelle-williams"
"260 - eva-green"
"703 - rose-byrne"
"723 - january-jones"
"371 - stana-katic"
"654 - michelle-monaghan"
"443 - kate-bosworth"
"392 - renee-zellweger"
"153 - kirsten-dunst"
"80 - charlize-theron"
"110 - willow-shields"
"227 - margot-robbie"
"46 - holland-roden"
"120 - jessica-biel"
"671 - jaime-king"
"3920 - elizabeth-banks"
"3323 - juno-temple"
"179 - carey-mulligan"
"56 - lindsay-lohan"
"122 - anna-kendrick"
"88 - katie-holmes"
"349 - mariska-hargitay"
"721 - rashida-jones"
"3248 - sarah-paulson"
"679 - ashley-madekwe"
"468 - liana-liberato"
"92 - hailee-steinfeld"
"160 - janel-parrish"
"274 - gemma-arterton"
"3655 - rachael-taylor"
"409 - emily-vancamp"
"3495 - alison-brie"
rake aborted!
TypeError: no implicit conversion of nil into String
/var/www/dev.vigme.com/lib/tasks/kimono.rake:54:in `+'
/var/www/dev.vigme.com/lib/tasks/kimono.rake:54:in `block (4 levels) in <top (required)>'
/var/www/dev.vigme.com/lib/tasks/kimono.rake:10:in `each'
/var/www/dev.vigme.com/lib/tasks/kimono.rake:10:in `block (3 levels) in <top (required)>'
/var/www/dev.vigme.com/lib/tasks/kimono.rake:5:in `each'
/var/www/dev.vigme.com/lib/tasks/kimono.rake:5:in `block (2 levels) in <top (required)>'
Tasks: TOP => kimono:coolspotters
(See full trace by running task with --trace)
"2 - kristen-stewart"
"4533 - nina-dobrev"
"4 - emma-watson"
"5 - selena-gomez"
"30 - blake-lively"
"20 - lily-collins"
"18 - emma-stone"
"14 - jennifer-lawrence"
"6 - ariana-grande"
"13 - ashley-greene"
"12 - vanessa-hudgens"
"48 - dakota-johnson"
"19 - nikki-reed"
"16 - ashley-tisdale"
"8 - shailene-woodley"
"37 - sarah-hyland"
"17 - hilary-duff"
"72 - jennifer-morrison"
"10 - chloe-moretz"
"9 - lucy-hale"
"115 - jennifer-garner"
"33 - reese-witherspoon"
"107 - annasophia-robb"
"7 - michelle-keegan"
"40 - dakota-fanning"
"22 - jessica-alba"
"28 - rachel-bilson"
"150 - anne-hathaway"
"66 - sarah-michelle-gellar"
"21 - jenna-louise-coleman"
"308 - felicity-jones"
"73 - dianna-agron"
"24 - elle-fanning"
"172 - kaya-scodelario"
"416 - marion-cotillard"
"137 - sofia-vergara"
"143 - sienna-miller"
"357 - gillian-jacobs"
"23 - bella-thorne"
"384 - kerry-washington"
"296 - jessica-chastain"
"268 - kate-hudson"
"118 - emmy-rossum"
"104 - rooney-mara"
"215 - natalie-portman"
"114 - michelle-williams"
"260 - eva-green"
"703 - rose-byrne"
"723 - january-jones"
"371 - stana-katic"
"654 - michelle-monaghan"
"443 - kate-bosworth"
"392 - renee-zellweger"
"153 - kirsten-dunst"
"80 - charlize-theron"
"110 - willow-shields"
"227 - margot-robbie"
"46 - holland-roden"
"120 - jessica-biel"
"671 - jaime-king"
"3920 - elizabeth-banks"
"3323 - juno-temple"
"179 - carey-mulligan"
"56 - lindsay-lohan"
"122 - anna-kendrick"
"88 - katie-holmes"
"349 - mariska-hargitay"
"721 - rashida-jones"
"3248 - sarah-paulson"
"679 - ashley-madekwe"
"468 - liana-liberato"
"92 - hailee-steinfeld"
"160 - janel-parrish"
"274 - gemma-arterton"
"3655 - rachael-taylor"
"409 - emily-vancamp"
"3495 - alison-brie"
rake aborted!
TypeError: no implicit conversion of nil into String
/var/www/dev.vigme.com/lib/tasks/kimono.rake:54:in `+'
/var/www/dev.vigme.com/lib/tasks/kimono.rake:54:in `block (4 levels) in <top (required)>'
/var/www/dev.vigme.com/lib/tasks/kimono.rake:10:in `each'
/var/www/dev.vigme.com/lib/tasks/kimono.rake:10:in `block (3 levels) in <top (required)>'
/var/www/dev.vigme.com/lib/tasks/kimono.rake:5:in `each'
/var/www/dev.vigme.com/lib/tasks/kimono.rake:5:in `block (2 levels) in <top (required)>'
Tasks: TOP => kimono:coolspotters
(See full trace by running task with --trace)
"2 - kristen-stewart"
"4533 - nina-dobrev"
"4 - emma-watson"
"5 - selena-gomez"
"30 - blake-lively"
"20 - lily-collins"
"18 - emma-stone"
"14 - jennifer-lawrence"
"6 - ariana-grande"
"13 - ashley-greene"
"12 - vanessa-hudgens"
"48 - dakota-johnson"
"19 - nikki-reed"
"16 - ashley-tisdale"
"8 - shailene-woodley"
"37 - sarah-hyland"
"17 - hilary-duff"
"72 - jennifer-morrison"
"10 - chloe-moretz"
"9 - lucy-hale"
"115 - jennifer-garner"
"33 - reese-witherspoon"
"107 - annasophia-robb"
"7 - michelle-keegan"
"40 - dakota-fanning"
"22 - jessica-alba"
"28 - rachel-bilson"
"150 - anne-hathaway"
"66 - sarah-michelle-gellar"
"21 - jenna-louise-coleman"
"308 - felicity-jones"
"73 - dianna-agron"
"24 - elle-fanning"
"172 - kaya-scodelario"
"416 - marion-cotillard"
"137 - sofia-vergara"
"143 - sienna-miller"
"357 - gillian-jacobs"
"23 - bella-thorne"
"384 - kerry-washington"
"296 - jessica-chastain"
"268 - kate-hudson"
"118 - emmy-rossum"
"104 - rooney-mara"
"215 - natalie-portman"
"114 - michelle-williams"
"260 - eva-green"
"703 - rose-byrne"
"723 - january-jones"
"371 - stana-katic"
"654 - michelle-monaghan"
"443 - kate-bosworth"
"392 - renee-zellweger"
"153 - kirsten-dunst"
"80 - charlize-theron"
"110 - willow-shields"
"227 - margot-robbie"
"46 - holland-roden"
"120 - jessica-biel"
"671 - jaime-king"
"3920 - elizabeth-banks"
"3323 - juno-temple"
"179 - carey-mulligan"
"56 - lindsay-lohan"
"122 - anna-kendrick"
"88 - katie-holmes"
"349 - mariska-hargitay"
"721 - rashida-jones"
"3248 - sarah-paulson"
"679 - ashley-madekwe"
"468 - liana-liberato"
"92 - hailee-steinfeld"
"160 - janel-parrish"
"274 - gemma-arterton"
"3655 - rachael-taylor"
"409 - emily-vancamp"
"3495 - alison-brie"
rake aborted!
TypeError: no implicit conversion of nil into String
/var/www/dev.vigme.com/lib/tasks/kimono.rake:54:in `+'
/var/www/dev.vigme.com/lib/tasks/kimono.rake:54:in `block (4 levels) in <top (required)>'
/var/www/dev.vigme.com/lib/tasks/kimono.rake:10:in `each'
/var/www/dev.vigme.com/lib/tasks/kimono.rake:10:in `block (3 levels) in <top (required)>'
/var/www/dev.vigme.com/lib/tasks/kimono.rake:5:in `each'
/var/www/dev.vigme.com/lib/tasks/kimono.rake:5:in `block (2 levels) in <top (required)>'
Tasks: TOP => kimono:coolspotters
(See full trace by running task with --trace)
"2 - kristen-stewart"
"4533 - nina-dobrev"
"4 - emma-watson"
"5 - selena-gomez"
"30 - blake-lively"
"20 - lily-collins"
"18 - emma-stone"
"14 - jennifer-lawrence"
"6 - ariana-grande"
"13 - ashley-greene"
"12 - vanessa-hudgens"
"48 - dakota-johnson"
"19 - nikki-reed"
"16 - ashley-tisdale"
"8 - shailene-woodley"
"37 - sarah-hyland"
"17 - hilary-duff"
"72 - jennifer-morrison"
"10 - chloe-moretz"
"9 - lucy-hale"
"115 - jennifer-garner"
"33 - reese-witherspoon"
"107 - annasophia-robb"
"7 - michelle-keegan"
"40 - dakota-fanning"
"22 - jessica-alba"
"28 - rachel-bilson"
"150 - anne-hathaway"
"66 - sarah-michelle-gellar"
"21 - jenna-louise-coleman"
"308 - felicity-jones"
"73 - dianna-agron"
"24 - elle-fanning"
"172 - kaya-scodelario"
"416 - marion-cotillard"
"137 - sofia-vergara"
"143 - sienna-miller"
"357 - gillian-jacobs"
"23 - bella-thorne"
"384 - kerry-washington"
"296 - jessica-chastain"
"268 - kate-hudson"
"118 - emmy-rossum"
"104 - rooney-mara"
"215 - natalie-portman"
"114 - michelle-williams"
"260 - eva-green"
"703 - rose-byrne"
"723 - january-jones"
"371 - stana-katic"
"654 - michelle-monaghan"
"443 - kate-bosworth"
"392 - renee-zellweger"
"153 - kirsten-dunst"
"80 - charlize-theron"
"110 - willow-shields"
"227 - margot-robbie"
"46 - holland-roden"
"120 - jessica-biel"
"671 - jaime-king"
"3920 - elizabeth-banks"
"3323 - juno-temple"
"179 - carey-mulligan"
"56 - lindsay-lohan"
"122 - anna-kendrick"
"88 - katie-holmes"
"349 - mariska-hargitay"
"721 - rashida-jones"
"3248 - sarah-paulson"
"679 - ashley-madekwe"
"468 - liana-liberato"
"92 - hailee-steinfeld"
"160 - janel-parrish"
"274 - gemma-arterton"
"3655 - rachael-taylor"
"409 - emily-vancamp"
"3495 - alison-brie"
rake aborted!
TypeError: no implicit conversion of nil into String
/var/www/dev.vigme.com/lib/tasks/kimono.rake:54:in `+'
/var/www/dev.vigme.com/lib/tasks/kimono.rake:54:in `block (4 levels) in <top (required)>'
/var/www/dev.vigme.com/lib/tasks/kimono.rake:10:in `each'
/var/www/dev.vigme.com/lib/tasks/kimono.rake:10:in `block (3 levels) in <top (required)>'
/var/www/dev.vigme.com/lib/tasks/kimono.rake:5:in `each'
/var/www/dev.vigme.com/lib/tasks/kimono.rake:5:in `block (2 levels) in <top (required)>'
Tasks: TOP => kimono:coolspotters
(See full trace by running task with --trace)
rake aborted!
ArgumentError: Missing :action key on routes definition, please check your routes.
/home/andy/.rvm/gems/ruby-2.1.2/gems/actionpack-4.1.0/lib/action_dispatch/routing/mapper.rb:243:in `default_controller_and_action'
/home/andy/.rvm/gems/ruby-2.1.2/gems/actionpack-4.1.0/lib/action_dispatch/routing/mapper.rb:117:in `normalize_options!'
/home/andy/.rvm/gems/ruby-2.1.2/gems/actionpack-4.1.0/lib/action_dispatch/routing/mapper.rb:65:in `initialize'
/home/andy/.rvm/gems/ruby-2.1.2/gems/actionpack-4.1.0/lib/action_dispatch/routing/mapper.rb:1462:in `new'
/home/andy/.rvm/gems/ruby-2.1.2/gems/actionpack-4.1.0/lib/action_dispatch/routing/mapper.rb:1462:in `add_route'
/home/andy/.rvm/gems/ruby-2.1.2/gems/actionpack-4.1.0/lib/action_dispatch/routing/mapper.rb:1441:in `decomposed_match'
/home/andy/.rvm/gems/ruby-2.1.2/gems/actionpack-4.1.0/lib/action_dispatch/routing/mapper.rb:1422:in `block in match'
/home/andy/.rvm/gems/ruby-2.1.2/gems/actionpack-4.1.0/lib/action_dispatch/routing/mapper.rb:1412:in `each'
/home/andy/.rvm/gems/ruby-2.1.2/gems/actionpack-4.1.0/lib/action_dispatch/routing/mapper.rb:1412:in `match'
/home/andy/.rvm/gems/ruby-2.1.2/gems/actionpack-4.1.0/lib/action_dispatch/routing/mapper.rb:613:in `map_method'
/home/andy/.rvm/gems/ruby-2.1.2/gems/actionpack-4.1.0/lib/action_dispatch/routing/mapper.rb:574:in `get'
/var/www/dev.vigme.com/config/routes.rb:78:in `block in <top (required)>'
/home/andy/.rvm/gems/ruby-2.1.2/gems/actionpack-4.1.0/lib/action_dispatch/routing/route_set.rb:335:in `instance_exec'
/home/andy/.rvm/gems/ruby-2.1.2/gems/actionpack-4.1.0/lib/action_dispatch/routing/route_set.rb:335:in `eval_block'
/home/andy/.rvm/gems/ruby-2.1.2/gems/actionpack-4.1.0/lib/action_dispatch/routing/route_set.rb:313:in `draw'
/var/www/dev.vigme.com/config/routes.rb:1:in `<top (required)>'
/home/andy/.rvm/gems/ruby-2.1.2/gems/activesupport-4.1.0/lib/active_support/dependencies.rb:241:in `load'
/home/andy/.rvm/gems/ruby-2.1.2/gems/activesupport-4.1.0/lib/active_support/dependencies.rb:241:in `block in load'
/home/andy/.rvm/gems/ruby-2.1.2/gems/activesupport-4.1.0/lib/active_support/dependencies.rb:232:in `load_dependency'
/home/andy/.rvm/gems/ruby-2.1.2/gems/activesupport-4.1.0/lib/active_support/dependencies.rb:241:in `load'
/home/andy/.rvm/gems/ruby-2.1.2/gems/railties-4.1.0/lib/rails/application/routes_reloader.rb:40:in `block in load_paths'
/home/andy/.rvm/gems/ruby-2.1.2/gems/railties-4.1.0/lib/rails/application/routes_reloader.rb:40:in `each'
/home/andy/.rvm/gems/ruby-2.1.2/gems/railties-4.1.0/lib/rails/application/routes_reloader.rb:40:in `load_paths'
/home/andy/.rvm/gems/ruby-2.1.2/gems/railties-4.1.0/lib/rails/application/routes_reloader.rb:16:in `reload!'
/home/andy/.rvm/gems/ruby-2.1.2/gems/railties-4.1.0/lib/rails/application/routes_reloader.rb:26:in `block in updater'
/home/andy/.rvm/gems/ruby-2.1.2/gems/activesupport-4.1.0/lib/active_support/file_update_checker.rb:75:in `call'
/home/andy/.rvm/gems/ruby-2.1.2/gems/activesupport-4.1.0/lib/active_support/file_update_checker.rb:75:in `execute'
/home/andy/.rvm/gems/ruby-2.1.2/gems/railties-4.1.0/lib/rails/application/routes_reloader.rb:27:in `updater'
/home/andy/.rvm/gems/ruby-2.1.2/gems/railties-4.1.0/lib/rails/application/routes_reloader.rb:7:in `execute_if_updated'
/home/andy/.rvm/gems/ruby-2.1.2/gems/railties-4.1.0/lib/rails/application/finisher.rb:71:in `block in <module:Finisher>'
/home/andy/.rvm/gems/ruby-2.1.2/gems/railties-4.1.0/lib/rails/initializable.rb:30:in `instance_exec'
/home/andy/.rvm/gems/ruby-2.1.2/gems/railties-4.1.0/lib/rails/initializable.rb:30:in `run'
/home/andy/.rvm/gems/ruby-2.1.2/gems/railties-4.1.0/lib/rails/initializable.rb:55:in `block in run_initializers'
/home/andy/.rvm/gems/ruby-2.1.2/gems/railties-4.1.0/lib/rails/initializable.rb:54:in `run_initializers'
/home/andy/.rvm/gems/ruby-2.1.2/gems/railties-4.1.0/lib/rails/application.rb:288:in `initialize!'
/var/www/dev.vigme.com/config/environment.rb:5:in `<top (required)>'
/home/andy/.rvm/gems/ruby-2.1.2/gems/activesupport-4.1.0/lib/active_support/dependencies.rb:247:in `require'
/home/andy/.rvm/gems/ruby-2.1.2/gems/activesupport-4.1.0/lib/active_support/dependencies.rb:247:in `block in require'
/home/andy/.rvm/gems/ruby-2.1.2/gems/activesupport-4.1.0/lib/active_support/dependencies.rb:232:in `load_dependency'
/home/andy/.rvm/gems/ruby-2.1.2/gems/activesupport-4.1.0/lib/active_support/dependencies.rb:247:in `require'
/home/andy/.rvm/gems/ruby-2.1.2/gems/railties-4.1.0/lib/rails/application.rb:264:in `require_environment!'
/home/andy/.rvm/gems/ruby-2.1.2/gems/railties-4.1.0/lib/rails/application.rb:367:in `block in run_tasks_blocks'
Tasks: TOP => kimono:coolspotters => environment
(See full trace by running task with --trace)
"2 - kristen-stewart"
"4533 - nina-dobrev"
"4 - emma-watson"
"5 - selena-gomez"
"30 - blake-lively"
"20 - lily-collins"
"18 - emma-stone"
"14 - jennifer-lawrence"
"6 - ariana-grande"
"13 - ashley-greene"
"12 - vanessa-hudgens"
"48 - dakota-johnson"
"19 - nikki-reed"
"16 - ashley-tisdale"
"8 - shailene-woodley"
"37 - sarah-hyland"
"17 - hilary-duff"
"72 - jennifer-morrison"
"10 - chloe-moretz"
"9 - lucy-hale"
"115 - jennifer-garner"
"33 - reese-witherspoon"
"107 - annasophia-robb"
"7 - michelle-keegan"
"40 - dakota-fanning"
"22 - jessica-alba"
"28 - rachel-bilson"
"150 - anne-hathaway"
"66 - sarah-michelle-gellar"
"21 - jenna-louise-coleman"
"308 - felicity-jones"
"73 - dianna-agron"
"24 - elle-fanning"
"172 - kaya-scodelario"
"416 - marion-cotillard"
"137 - sofia-vergara"
"143 - sienna-miller"
"357 - gillian-jacobs"
"23 - bella-thorne"
"384 - kerry-washington"
"296 - jessica-chastain"
"268 - kate-hudson"
"118 - emmy-rossum"
"104 - rooney-mara"
"215 - natalie-portman"
"114 - michelle-williams"
"260 - eva-green"
"703 - rose-byrne"
"723 - january-jones"
"371 - stana-katic"
"654 - michelle-monaghan"
"443 - kate-bosworth"
"392 - renee-zellweger"
"153 - kirsten-dunst"
"80 - charlize-theron"
"110 - willow-shields"
"227 - margot-robbie"
"46 - holland-roden"
"120 - jessica-biel"
"671 - jaime-king"
"3920 - elizabeth-banks"
"3323 - juno-temple"
"179 - carey-mulligan"
"56 - lindsay-lohan"
"122 - anna-kendrick"
"88 - katie-holmes"
"349 - mariska-hargitay"
"721 - rashida-jones"
"3248 - sarah-paulson"
"679 - ashley-madekwe"
"468 - liana-liberato"
"92 - hailee-steinfeld"
"160 - janel-parrish"
"274 - gemma-arterton"
"3655 - rachael-taylor"
"409 - emily-vancamp"
"3495 - alison-brie"
rake aborted!
TypeError: no implicit conversion of nil into String
/var/www/dev.vigme.com/lib/tasks/kimono.rake:54:in `+'
/var/www/dev.vigme.com/lib/tasks/kimono.rake:54:in `block (4 levels) in <top (required)>'
/var/www/dev.vigme.com/lib/tasks/kimono.rake:10:in `each'
/var/www/dev.vigme.com/lib/tasks/kimono.rake:10:in `block (3 levels) in <top (required)>'
/var/www/dev.vigme.com/lib/tasks/kimono.rake:5:in `each'
/var/www/dev.vigme.com/lib/tasks/kimono.rake:5:in `block (2 levels) in <top (required)>'
Tasks: TOP => kimono:coolspotters
(See full trace by running task with --trace)
"2 - kristen-stewart"
"4533 - nina-dobrev"
"4 - emma-watson"
"5 - selena-gomez"
"30 - blake-lively"
"20 - lily-collins"
"18 - emma-stone"
"14 - jennifer-lawrence"
"6 - ariana-grande"
"13 - ashley-greene"
"12 - vanessa-hudgens"
"48 - dakota-johnson"
"19 - nikki-reed"
"16 - ashley-tisdale"
"8 - shailene-woodley"
"37 - sarah-hyland"
"17 - hilary-duff"
"72 - jennifer-morrison"
"10 - chloe-moretz"
"9 - lucy-hale"
"115 - jennifer-garner"
"33 - reese-witherspoon"
"107 - annasophia-robb"
"7 - michelle-keegan"
"40 - dakota-fanning"
"22 - jessica-alba"
"28 - rachel-bilson"
"150 - anne-hathaway"
"66 - sarah-michelle-gellar"
"21 - jenna-louise-coleman"
"308 - felicity-jones"
"73 - dianna-agron"
"24 - elle-fanning"
"172 - kaya-scodelario"
"416 - marion-cotillard"
"137 - sofia-vergara"
"143 - sienna-miller"
"357 - gillian-jacobs"
"23 - bella-thorne"
"384 - kerry-washington"
"296 - jessica-chastain"
"268 - kate-hudson"
"118 - emmy-rossum"
"104 - rooney-mara"
"215 - natalie-portman"
"114 - michelle-williams"
"260 - eva-green"
"703 - rose-byrne"
"723 - january-jones"
"371 - stana-katic"
"654 - michelle-monaghan"
"443 - kate-bosworth"
"392 - renee-zellweger"
"153 - kirsten-dunst"
"80 - charlize-theron"
"110 - willow-shields"
"227 - margot-robbie"
"46 - holland-roden"
"120 - jessica-biel"
"671 - jaime-king"
"3920 - elizabeth-banks"
"3323 - juno-temple"
"179 - carey-mulligan"
"56 - lindsay-lohan"
"122 - anna-kendrick"
"88 - katie-holmes"
"349 - mariska-hargitay"
"721 - rashida-jones"
"3248 - sarah-paulson"
"679 - ashley-madekwe"
"468 - liana-liberato"
"92 - hailee-steinfeld"
"160 - janel-parrish"
"274 - gemma-arterton"
"3655 - rachael-taylor"
"409 - emily-vancamp"
"3495 - alison-brie"
rake aborted!
TypeError: no implicit conversion of nil into String
/var/www/dev.vigme.com/lib/tasks/kimono.rake:54:in `+'
/var/www/dev.vigme.com/lib/tasks/kimono.rake:54:in `block (4 levels) in <top (required)>'
/var/www/dev.vigme.com/lib/tasks/kimono.rake:10:in `each'
/var/www/dev.vigme.com/lib/tasks/kimono.rake:10:in `block (3 levels) in <top (required)>'
/var/www/dev.vigme.com/lib/tasks/kimono.rake:5:in `each'
/var/www/dev.vigme.com/lib/tasks/kimono.rake:5:in `block (2 levels) in <top (required)>'
Tasks: TOP => kimono:coolspotters
(See full trace by running task with --trace)
"2 - kristen-stewart"
"4533 - nina-dobrev"
"4 - emma-watson"
"5 - selena-gomez"
"30 - blake-lively"
"20 - lily-collins"
"18 - emma-stone"
"14 - jennifer-lawrence"
"6 - ariana-grande"
"13 - ashley-greene"
"12 - vanessa-hudgens"
"48 - dakota-johnson"
"19 - nikki-reed"
"16 - ashley-tisdale"
"8 - shailene-woodley"
"37 - sarah-hyland"
"17 - hilary-duff"
"72 - jennifer-morrison"
"10 - chloe-moretz"
"9 - lucy-hale"
"115 - jennifer-garner"
"33 - reese-witherspoon"
"107 - annasophia-robb"
"7 - michelle-keegan"
"40 - dakota-fanning"
"22 - jessica-alba"
"28 - rachel-bilson"
"150 - anne-hathaway"
"66 - sarah-michelle-gellar"
"21 - jenna-louise-coleman"
"308 - felicity-jones"
"73 - dianna-agron"
"24 - elle-fanning"
"172 - kaya-scodelario"
"416 - marion-cotillard"
"137 - sofia-vergara"
"143 - sienna-miller"
"357 - gillian-jacobs"
"23 - bella-thorne"
"384 - kerry-washington"
"296 - jessica-chastain"
"268 - kate-hudson"
"118 - emmy-rossum"
"104 - rooney-mara"
"215 - natalie-portman"
"114 - michelle-williams"
"260 - eva-green"
"703 - rose-byrne"
"723 - january-jones"
"371 - stana-katic"
"654 - michelle-monaghan"
"443 - kate-bosworth"
"392 - renee-zellweger"
"153 - kirsten-dunst"
"80 - charlize-theron"
"110 - willow-shields"
"227 - margot-robbie"
"46 - holland-roden"
"120 - jessica-biel"
"671 - jaime-king"
"3920 - elizabeth-banks"
"3323 - juno-temple"
"179 - carey-mulligan"
"56 - lindsay-lohan"
"122 - anna-kendrick"
"88 - katie-holmes"
"349 - mariska-hargitay"
"721 - rashida-jones"
"3248 - sarah-paulson"
"679 - ashley-madekwe"
"468 - liana-liberato"
"92 - hailee-steinfeld"
"160 - janel-parrish"
"274 - gemma-arterton"
"3655 - rachael-taylor"
"409 - emily-vancamp"
"3495 - alison-brie"
rake aborted!
TypeError: no implicit conversion of nil into String
/var/www/dev.vigme.com/lib/tasks/kimono.rake:54:in `+'
/var/www/dev.vigme.com/lib/tasks/kimono.rake:54:in `block (4 levels) in <top (required)>'
/var/www/dev.vigme.com/lib/tasks/kimono.rake:10:in `each'
/var/www/dev.vigme.com/lib/tasks/kimono.rake:10:in `block (3 levels) in <top (required)>'
/var/www/dev.vigme.com/lib/tasks/kimono.rake:5:in `each'
/var/www/dev.vigme.com/lib/tasks/kimono.rake:5:in `block (2 levels) in <top (required)>'
Tasks: TOP => kimono:coolspotters
(See full trace by running task with --trace)
"2 - kristen-stewart"
"4533 - nina-dobrev"
"4 - emma-watson"
"5 - selena-gomez"
"30 - blake-lively"
"20 - lily-collins"
"18 - emma-stone"
"14 - jennifer-lawrence"
"6 - ariana-grande"
"13 - ashley-greene"
"12 - vanessa-hudgens"
"48 - dakota-johnson"
"19 - nikki-reed"
"16 - ashley-tisdale"
"8 - shailene-woodley"
"37 - sarah-hyland"
"17 - hilary-duff"
"72 - jennifer-morrison"
"10 - chloe-moretz"
"9 - lucy-hale"
"115 - jennifer-garner"
"33 - reese-witherspoon"
"107 - annasophia-robb"
"7 - michelle-keegan"
"40 - dakota-fanning"
"22 - jessica-alba"
"28 - rachel-bilson"
"150 - anne-hathaway"
"66 - sarah-michelle-gellar"
"21 - jenna-louise-coleman"
"308 - felicity-jones"
"73 - dianna-agron"
"24 - elle-fanning"
"172 - kaya-scodelario"
"416 - marion-cotillard"
"137 - sofia-vergara"
"143 - sienna-miller"
"357 - gillian-jacobs"
"23 - bella-thorne"
"384 - kerry-washington"
"296 - jessica-chastain"
"268 - kate-hudson"
"118 - emmy-rossum"
"104 - rooney-mara"
"215 - natalie-portman"
"114 - michelle-williams"
"260 - eva-green"
"703 - rose-byrne"
"723 - january-jones"
"371 - stana-katic"
"654 - michelle-monaghan"
"443 - kate-bosworth"
"392 - renee-zellweger"
"153 - kirsten-dunst"
"80 - charlize-theron"
"110 - willow-shields"
"227 - margot-robbie"
"46 - holland-roden"
"120 - jessica-biel"
"671 - jaime-king"
"3920 - elizabeth-banks"
"3323 - juno-temple"
"179 - carey-mulligan"
"56 - lindsay-lohan"
"122 - anna-kendrick"
"88 - katie-holmes"
"349 - mariska-hargitay"
"721 - rashida-jones"
"3248 - sarah-paulson"
"679 - ashley-madekwe"
"468 - liana-liberato"
"92 - hailee-steinfeld"
"160 - janel-parrish"
"274 - gemma-arterton"
"3655 - rachael-taylor"
"409 - emily-vancamp"
"3495 - alison-brie"
rake aborted!
TypeError: no implicit conversion of nil into String
/var/www/dev.vigme.com/lib/tasks/kimono.rake:54:in `+'
/var/www/dev.vigme.com/lib/tasks/kimono.rake:54:in `block (4 levels) in <top (required)>'
/var/www/dev.vigme.com/lib/tasks/kimono.rake:10:in `each'
/var/www/dev.vigme.com/lib/tasks/kimono.rake:10:in `block (3 levels) in <top (required)>'
/var/www/dev.vigme.com/lib/tasks/kimono.rake:5:in `each'
/var/www/dev.vigme.com/lib/tasks/kimono.rake:5:in `block (2 levels) in <top (required)>'
Tasks: TOP => kimono:coolspotters
(See full trace by running task with --trace)
"2 - kristen-stewart"
"4533 - nina-dobrev"
"4 - emma-watson"
"5 - selena-gomez"
"30 - blake-lively"
"20 - lily-collins"
"18 - emma-stone"
"14 - jennifer-lawrence"
"6 - ariana-grande"
"13 - ashley-greene"
"12 - vanessa-hudgens"
"48 - dakota-johnson"
"19 - nikki-reed"
"16 - ashley-tisdale"
"8 - shailene-woodley"
"37 - sarah-hyland"
"17 - hilary-duff"
"72 - jennifer-morrison"
"10 - chloe-moretz"
"9 - lucy-hale"
"115 - jennifer-garner"
"33 - reese-witherspoon"
"107 - annasophia-robb"
"7 - michelle-keegan"
"40 - dakota-fanning"
"22 - jessica-alba"
"28 - rachel-bilson"
"150 - anne-hathaway"
"66 - sarah-michelle-gellar"
"21 - jenna-louise-coleman"
"308 - felicity-jones"
"73 - dianna-agron"
"24 - elle-fanning"
"172 - kaya-scodelario"
"416 - marion-cotillard"
"137 - sofia-vergara"
"143 - sienna-miller"
"357 - gillian-jacobs"
"23 - bella-thorne"
"384 - kerry-washington"
"296 - jessica-chastain"
"268 - kate-hudson"
"118 - emmy-rossum"
"104 - rooney-mara"
"215 - natalie-portman"
"114 - michelle-williams"
"260 - eva-green"
"703 - rose-byrne"
"723 - january-jones"
"371 - stana-katic"
"654 - michelle-monaghan"
"443 - kate-bosworth"
"392 - renee-zellweger"
"153 - kirsten-dunst"
"80 - charlize-theron"
"110 - willow-shields"
"227 - margot-robbie"
"46 - holland-roden"
"120 - jessica-biel"
"671 - jaime-king"
"3920 - elizabeth-banks"
"3323 - juno-temple"
"179 - carey-mulligan"
"56 - lindsay-lohan"
"122 - anna-kendrick"
"88 - katie-holmes"
"349 - mariska-hargitay"
"721 - rashida-jones"
"3248 - sarah-paulson"
"679 - ashley-madekwe"
"468 - liana-liberato"
"92 - hailee-steinfeld"
"160 - janel-parrish"
"274 - gemma-arterton"
"3655 - rachael-taylor"
"409 - emily-vancamp"
"3495 - alison-brie"
rake aborted!
TypeError: no implicit conversion of nil into String
/var/www/dev.vigme.com/lib/tasks/kimono.rake:54:in `+'
/var/www/dev.vigme.com/lib/tasks/kimono.rake:54:in `block (4 levels) in <top (required)>'
/var/www/dev.vigme.com/lib/tasks/kimono.rake:10:in `each'
/var/www/dev.vigme.com/lib/tasks/kimono.rake:10:in `block (3 levels) in <top (required)>'
/var/www/dev.vigme.com/lib/tasks/kimono.rake:5:in `each'
/var/www/dev.vigme.com/lib/tasks/kimono.rake:5:in `block (2 levels) in <top (required)>'
Tasks: TOP => kimono:coolspotters
(See full trace by running task with --trace)
"2 - kristen-stewart"
"4533 - nina-dobrev"
"4 - emma-watson"
"5 - selena-gomez"
"30 - blake-lively"
"20 - lily-collins"
"18 - emma-stone"
"14 - jennifer-lawrence"
"6 - ariana-grande"
"13 - ashley-greene"
"12 - vanessa-hudgens"
"48 - dakota-johnson"
"19 - nikki-reed"
"16 - ashley-tisdale"
"8 - shailene-woodley"
"37 - sarah-hyland"
"17 - hilary-duff"
"72 - jennifer-morrison"
"10 - chloe-moretz"
"9 - lucy-hale"
"115 - jennifer-garner"
"33 - reese-witherspoon"
"107 - annasophia-robb"
"7 - michelle-keegan"
"40 - dakota-fanning"
"22 - jessica-alba"
"28 - rachel-bilson"
"150 - anne-hathaway"
"66 - sarah-michelle-gellar"
"21 - jenna-louise-coleman"
"308 - felicity-jones"
"73 - dianna-agron"
"24 - elle-fanning"
"172 - kaya-scodelario"
"416 - marion-cotillard"
"137 - sofia-vergara"
"143 - sienna-miller"
"357 - gillian-jacobs"
"23 - bella-thorne"
"384 - kerry-washington"
"296 - jessica-chastain"
"268 - kate-hudson"
"118 - emmy-rossum"
"104 - rooney-mara"
"215 - natalie-portman"
"114 - michelle-williams"
"260 - eva-green"
"703 - rose-byrne"
"723 - january-jones"
"371 - stana-katic"
"654 - michelle-monaghan"
"443 - kate-bosworth"
"392 - renee-zellweger"
"153 - kirsten-dunst"
"80 - charlize-theron"
"110 - willow-shields"
"227 - margot-robbie"
"46 - holland-roden"
"120 - jessica-biel"
"671 - jaime-king"
"3920 - elizabeth-banks"
"3323 - juno-temple"
"179 - carey-mulligan"
"56 - lindsay-lohan"
"122 - anna-kendrick"
"88 - katie-holmes"
"349 - mariska-hargitay"
"721 - rashida-jones"
"3248 - sarah-paulson"
"679 - ashley-madekwe"
"468 - liana-liberato"
"92 - hailee-steinfeld"
"160 - janel-parrish"
"274 - gemma-arterton"
"3655 - rachael-taylor"
"409 - emily-vancamp"
"3495 - alison-brie"
rake aborted!
TypeError: no implicit conversion of nil into String
/var/www/dev.vigme.com/lib/tasks/kimono.rake:54:in `+'
/var/www/dev.vigme.com/lib/tasks/kimono.rake:54:in `block (4 levels) in <top (required)>'
/var/www/dev.vigme.com/lib/tasks/kimono.rake:10:in `each'
/var/www/dev.vigme.com/lib/tasks/kimono.rake:10:in `block (3 levels) in <top (required)>'
/var/www/dev.vigme.com/lib/tasks/kimono.rake:5:in `each'
/var/www/dev.vigme.com/lib/tasks/kimono.rake:5:in `block (2 levels) in <top (required)>'
Tasks: TOP => kimono:coolspotters
(See full trace by running task with --trace)
"2 - kristen-stewart"
"4533 - nina-dobrev"
"4 - emma-watson"
"5 - selena-gomez"
"30 - blake-lively"
"20 - lily-collins"
"18 - emma-stone"
"14 - jennifer-lawrence"
"6 - ariana-grande"
"13 - ashley-greene"
"12 - vanessa-hudgens"
"48 - dakota-johnson"
"19 - nikki-reed"
"16 - ashley-tisdale"
"8 - shailene-woodley"
"37 - sarah-hyland"
"17 - hilary-duff"
"72 - jennifer-morrison"
"10 - chloe-moretz"
"9 - lucy-hale"
"115 - jennifer-garner"
"33 - reese-witherspoon"
"107 - annasophia-robb"
"7 - michelle-keegan"
"40 - dakota-fanning"
"22 - jessica-alba"
"28 - rachel-bilson"
"150 - anne-hathaway"
"66 - sarah-michelle-gellar"
"21 - jenna-louise-coleman"
"308 - felicity-jones"
"73 - dianna-agron"
"24 - elle-fanning"
"172 - kaya-scodelario"
"416 - marion-cotillard"
"137 - sofia-vergara"
"143 - sienna-miller"
"357 - gillian-jacobs"
"23 - bella-thorne"
"384 - kerry-washington"
"296 - jessica-chastain"
"268 - kate-hudson"
"118 - emmy-rossum"
"104 - rooney-mara"
"215 - natalie-portman"
"114 - michelle-williams"
"260 - eva-green"
"703 - rose-byrne"
"723 - january-jones"
"371 - stana-katic"
"654 - michelle-monaghan"
"443 - kate-bosworth"
"392 - renee-zellweger"
"153 - kirsten-dunst"
"80 - charlize-theron"
"110 - willow-shields"
"227 - margot-robbie"
"46 - holland-roden"
"120 - jessica-biel"
"671 - jaime-king"
"3920 - elizabeth-banks"
"3323 - juno-temple"
"179 - carey-mulligan"
"56 - lindsay-lohan"
"122 - anna-kendrick"
"88 - katie-holmes"
"349 - mariska-hargitay"
"721 - rashida-jones"
"3248 - sarah-paulson"
"679 - ashley-madekwe"
"468 - liana-liberato"
"92 - hailee-steinfeld"
"160 - janel-parrish"
"274 - gemma-arterton"
"3655 - rachael-taylor"
"409 - emily-vancamp"
"3495 - alison-brie"
rake aborted!
TypeError: no implicit conversion of nil into String
/var/www/dev.vigme.com/lib/tasks/kimono.rake:54:in `+'
/var/www/dev.vigme.com/lib/tasks/kimono.rake:54:in `block (4 levels) in <top (required)>'
/var/www/dev.vigme.com/lib/tasks/kimono.rake:10:in `each'
/var/www/dev.vigme.com/lib/tasks/kimono.rake:10:in `block (3 levels) in <top (required)>'
/var/www/dev.vigme.com/lib/tasks/kimono.rake:5:in `each'
/var/www/dev.vigme.com/lib/tasks/kimono.rake:5:in `block (2 levels) in <top (required)>'
Tasks: TOP => kimono:coolspotters
(See full trace by running task with --trace)
"2 - kristen-stewart"
"4533 - nina-dobrev"
"4 - emma-watson"
"5 - selena-gomez"
"30 - blake-lively"
"20 - lily-collins"
"18 - emma-stone"
"14 - jennifer-lawrence"
"6 - ariana-grande"
"13 - ashley-greene"
"12 - vanessa-hudgens"
"48 - dakota-johnson"
"19 - nikki-reed"
"16 - ashley-tisdale"
"8 - shailene-woodley"
"37 - sarah-hyland"
"17 - hilary-duff"
"72 - jennifer-morrison"
"10 - chloe-moretz"
"9 - lucy-hale"
"115 - jennifer-garner"
"33 - reese-witherspoon"
"107 - annasophia-robb"
"7 - michelle-keegan"
"40 - dakota-fanning"
"22 - jessica-alba"
"28 - rachel-bilson"
"150 - anne-hathaway"
"66 - sarah-michelle-gellar"
"21 - jenna-louise-coleman"
"308 - felicity-jones"
"73 - dianna-agron"
"24 - elle-fanning"
"172 - kaya-scodelario"
"416 - marion-cotillard"
"137 - sofia-vergara"
"143 - sienna-miller"
"357 - gillian-jacobs"
"23 - bella-thorne"
"384 - kerry-washington"
"296 - jessica-chastain"
"268 - kate-hudson"
"118 - emmy-rossum"
"104 - rooney-mara"
"215 - natalie-portman"
"114 - michelle-williams"
"260 - eva-green"
"703 - rose-byrne"
"723 - january-jones"
"371 - stana-katic"
"654 - michelle-monaghan"
"443 - kate-bosworth"
"392 - renee-zellweger"
"153 - kirsten-dunst"
"80 - charlize-theron"
"110 - willow-shields"
"227 - margot-robbie"
"46 - holland-roden"
"120 - jessica-biel"
"671 - jaime-king"
"3920 - elizabeth-banks"
"3323 - juno-temple"
"179 - carey-mulligan"
"56 - lindsay-lohan"
"122 - anna-kendrick"
"88 - katie-holmes"
"349 - mariska-hargitay"
"721 - rashida-jones"
"3248 - sarah-paulson"
"679 - ashley-madekwe"
"468 - liana-liberato"
"92 - hailee-steinfeld"
"160 - janel-parrish"
"274 - gemma-arterton"
"3655 - rachael-taylor"
"409 - emily-vancamp"
"3495 - alison-brie"
rake aborted!
TypeError: no implicit conversion of nil into String
/var/www/dev.vigme.com/lib/tasks/kimono.rake:54:in `+'
/var/www/dev.vigme.com/lib/tasks/kimono.rake:54:in `block (4 levels) in <top (required)>'
/var/www/dev.vigme.com/lib/tasks/kimono.rake:10:in `each'
/var/www/dev.vigme.com/lib/tasks/kimono.rake:10:in `block (3 levels) in <top (required)>'
/var/www/dev.vigme.com/lib/tasks/kimono.rake:5:in `each'
/var/www/dev.vigme.com/lib/tasks/kimono.rake:5:in `block (2 levels) in <top (required)>'
Tasks: TOP => kimono:coolspotters
(See full trace by running task with --trace)
"2 - kristen-stewart"
"4533 - nina-dobrev"
"4 - emma-watson"
"5 - selena-gomez"
"30 - blake-lively"
"20 - lily-collins"
"18 - emma-stone"
"14 - jennifer-lawrence"
"6 - ariana-grande"
"13 - ashley-greene"
"12 - vanessa-hudgens"
"48 - dakota-johnson"
"19 - nikki-reed"
"16 - ashley-tisdale"
"8 - shailene-woodley"
"37 - sarah-hyland"
"17 - hilary-duff"
"72 - jennifer-morrison"
"10 - chloe-moretz"
"9 - lucy-hale"
"115 - jennifer-garner"
"33 - reese-witherspoon"
"107 - annasophia-robb"
"7 - michelle-keegan"
"40 - dakota-fanning"
"22 - jessica-alba"
"28 - rachel-bilson"
"150 - anne-hathaway"
"66 - sarah-michelle-gellar"
"21 - jenna-louise-coleman"
"308 - felicity-jones"
"73 - dianna-agron"
"24 - elle-fanning"
"172 - kaya-scodelario"
"416 - marion-cotillard"
"137 - sofia-vergara"
"143 - sienna-miller"
"357 - gillian-jacobs"
"23 - bella-thorne"
"384 - kerry-washington"
"296 - jessica-chastain"
"268 - kate-hudson"
"118 - emmy-rossum"
"104 - rooney-mara"
"215 - natalie-portman"
"114 - michelle-williams"
"260 - eva-green"
"703 - rose-byrne"
"723 - january-jones"
"371 - stana-katic"
"654 - michelle-monaghan"
"443 - kate-bosworth"
"392 - renee-zellweger"
"153 - kirsten-dunst"
"80 - charlize-theron"
"110 - willow-shields"
"227 - margot-robbie"
"46 - holland-roden"
"120 - jessica-biel"
"671 - jaime-king"
"3920 - elizabeth-banks"
"3323 - juno-temple"
"179 - carey-mulligan"
"56 - lindsay-lohan"
"122 - anna-kendrick"
"88 - katie-holmes"
"349 - mariska-hargitay"
"721 - rashida-jones"
"3248 - sarah-paulson"
"679 - ashley-madekwe"
"468 - liana-liberato"
"92 - hailee-steinfeld"
"160 - janel-parrish"
"274 - gemma-arterton"
"3655 - rachael-taylor"
"409 - emily-vancamp"
"3495 - alison-brie"
rake aborted!
TypeError: no implicit conversion of nil into String
/var/www/dev.vigme.com/lib/tasks/kimono.rake:54:in `+'
/var/www/dev.vigme.com/lib/tasks/kimono.rake:54:in `block (4 levels) in <top (required)>'
/var/www/dev.vigme.com/lib/tasks/kimono.rake:10:in `each'
/var/www/dev.vigme.com/lib/tasks/kimono.rake:10:in `block (3 levels) in <top (required)>'
/var/www/dev.vigme.com/lib/tasks/kimono.rake:5:in `each'
/var/www/dev.vigme.com/lib/tasks/kimono.rake:5:in `block (2 levels) in <top (required)>'
Tasks: TOP => kimono:coolspotters
(See full trace by running task with --trace)
"2 - kristen-stewart"
"4533 - nina-dobrev"
"4 - emma-watson"
"5 - selena-gomez"
"30 - blake-lively"
"20 - lily-collins"
"18 - emma-stone"
"14 - jennifer-lawrence"
"6 - ariana-grande"
"13 - ashley-greene"
"12 - vanessa-hudgens"
"48 - dakota-johnson"
"19 - nikki-reed"
"16 - ashley-tisdale"
"8 - shailene-woodley"
"37 - sarah-hyland"
"17 - hilary-duff"
"72 - jennifer-morrison"
"10 - chloe-moretz"
"9 - lucy-hale"
"115 - jennifer-garner"
"33 - reese-witherspoon"
"107 - annasophia-robb"
"7 - michelle-keegan"
"40 - dakota-fanning"
"22 - jessica-alba"
"28 - rachel-bilson"
"150 - anne-hathaway"
"66 - sarah-michelle-gellar"
"21 - jenna-louise-coleman"
"308 - felicity-jones"
"73 - dianna-agron"
"24 - elle-fanning"
"172 - kaya-scodelario"
"416 - marion-cotillard"
"137 - sofia-vergara"
"143 - sienna-miller"
"357 - gillian-jacobs"
"23 - bella-thorne"
"384 - kerry-washington"
"296 - jessica-chastain"
"268 - kate-hudson"
"118 - emmy-rossum"
"104 - rooney-mara"
"215 - natalie-portman"
"114 - michelle-williams"
"260 - eva-green"
"703 - rose-byrne"
"723 - january-jones"
"371 - stana-katic"
"654 - michelle-monaghan"
"443 - kate-bosworth"
"392 - renee-zellweger"
"153 - kirsten-dunst"
"80 - charlize-theron"
"110 - willow-shields"
"227 - margot-robbie"
"46 - holland-roden"
"120 - jessica-biel"
"671 - jaime-king"
"3920 - elizabeth-banks"
"3323 - juno-temple"
"179 - carey-mulligan"
"56 - lindsay-lohan"
"122 - anna-kendrick"
"88 - katie-holmes"
"349 - mariska-hargitay"
"721 - rashida-jones"
"3248 - sarah-paulson"
"679 - ashley-madekwe"
"468 - liana-liberato"
"92 - hailee-steinfeld"
"160 - janel-parrish"
"274 - gemma-arterton"
"3655 - rachael-taylor"
"409 - emily-vancamp"
"3495 - alison-brie"
rake aborted!
TypeError: no implicit conversion of nil into String
/var/www/dev.vigme.com/lib/tasks/kimono.rake:54:in `+'
/var/www/dev.vigme.com/lib/tasks/kimono.rake:54:in `block (4 levels) in <top (required)>'
/var/www/dev.vigme.com/lib/tasks/kimono.rake:10:in `each'
/var/www/dev.vigme.com/lib/tasks/kimono.rake:10:in `block (3 levels) in <top (required)>'
/var/www/dev.vigme.com/lib/tasks/kimono.rake:5:in `each'
/var/www/dev.vigme.com/lib/tasks/kimono.rake:5:in `block (2 levels) in <top (required)>'
Tasks: TOP => kimono:coolspotters
(See full trace by running task with --trace)
"2 - kristen-stewart"
"4533 - nina-dobrev"
"4 - emma-watson"
"5 - selena-gomez"
"30 - blake-lively"
rake aborted!
OpenURI::HTTPError: 503 Service Unavailable
/var/www/dev.vigme.com/lib/tasks/kimono.rake:74:in `getProducts'
/var/www/dev.vigme.com/lib/tasks/kimono.rake:55:in `block (4 levels) in <top (required)>'
/var/www/dev.vigme.com/lib/tasks/kimono.rake:10:in `each'
/var/www/dev.vigme.com/lib/tasks/kimono.rake:10:in `block (3 levels) in <top (required)>'
/var/www/dev.vigme.com/lib/tasks/kimono.rake:5:in `each'
/var/www/dev.vigme.com/lib/tasks/kimono.rake:5:in `block (2 levels) in <top (required)>'
Tasks: TOP => kimono:coolspotters
(See full trace by running task with --trace)
"2 - kristen-stewart"
"4533 - nina-dobrev"
"beastie-boys-get-off-my-d-k-tee"
rake aborted!
OpenURI::HTTPError: 400 Bad Request
/var/www/dev.vigme.com/lib/tasks/kimono.rake:129:in `getImageUrl'
/var/www/dev.vigme.com/lib/tasks/kimono.rake:114:in `getProduct'
/var/www/dev.vigme.com/lib/tasks/kimono.rake:94:in `getProducts'
/var/www/dev.vigme.com/lib/tasks/kimono.rake:55:in `block (4 levels) in <top (required)>'
/var/www/dev.vigme.com/lib/tasks/kimono.rake:10:in `each'
/var/www/dev.vigme.com/lib/tasks/kimono.rake:10:in `block (3 levels) in <top (required)>'
/var/www/dev.vigme.com/lib/tasks/kimono.rake:5:in `each'
/var/www/dev.vigme.com/lib/tasks/kimono.rake:5:in `block (2 levels) in <top (required)>'
Tasks: TOP => kimono:coolspotters
(See full trace by running task with --trace)
"2 - kristen-stewart"
"4533 - nina-dobrev"
"beastie-boys-get-off-my-d-k-tee"
"american-apparel-unisex-flex-fleece-zip-hoody"
rake aborted!
OpenURI::HTTPError: 503 Service Unavailable
/var/www/dev.vigme.com/lib/tasks/kimono.rake:129:in `getImageUrl'
/var/www/dev.vigme.com/lib/tasks/kimono.rake:114:in `getProduct'
/var/www/dev.vigme.com/lib/tasks/kimono.rake:94:in `getProducts'
/var/www/dev.vigme.com/lib/tasks/kimono.rake:55:in `block (4 levels) in <top (required)>'
/var/www/dev.vigme.com/lib/tasks/kimono.rake:10:in `each'
/var/www/dev.vigme.com/lib/tasks/kimono.rake:10:in `block (3 levels) in <top (required)>'
/var/www/dev.vigme.com/lib/tasks/kimono.rake:5:in `each'
/var/www/dev.vigme.com/lib/tasks/kimono.rake:5:in `block (2 levels) in <top (required)>'
Tasks: TOP => kimono:coolspotters
(See full trace by running task with --trace)
"2 - kristen-stewart"
"4533 - nina-dobrev"
"american-apparel-unisex-flex-fleece-zip-hoody"
"adidas-originals-trefoil-hoody"
"4 - emma-watson"
"5 - selena-gomez"
"jou-jou-faux-leather-bomber-jacket"
"free-people-hendrix-yarn-fringe-poncho"
"30 - blake-lively"
"schott-nyc-perfecto-classic-618-leather-biker-jacket"
"mackage-hip-length-leather-jacket"
"20 - lily-collins"
"18 - emma-stone"
"canada-goose-ladies-kensington-parka"
"525-america-high-low-back-button-detail-crew-neck-sweater"
"rag-and-bone-hart-biker-jacket"
"canada-goose-mystique-parka"
"barbour-womens-wool-buttermere-duffle-coat"
"joie-eloisa-bicycle-intarsia-sweater"
"erdem-fall-2010-rtw-beaded-silk-satin-dress"
"nanette-lepore-duster-coat"
"tory-burch-shrunken-simone-mako-cotton-cardigan"
"14 - jennifer-lawrence"
"ulla-johnson-corsica-dress"
"bebe-contrast-trim-trench-coat"
"iro-bolly-sheer-inset-colorblock-blouse"
"6 - ariana-grande"
"13 - ashley-greene"
"12 - vanessa-hudgens"
"rails-hunter-plaid-shirt"
"juicy-couture-velour-zip-hoodie"
"j-brand-houlihan-skinny-cargo-pants"
"wildfox-number-9-love-potion-muscle-back-tank"
"48 - dakota-johnson"
"giulietta-crepe-shaped-bust-cut-out-dress"
"diane-von-furstenberg-spring-2014-rtw-lace-up-printed-dress"
"cushnie-et-ochs-stretch-cotton-sleeveless-dress"
"free-people-polka-dot-denim-bustier-dress"
"19 - nikki-reed"
"16 - ashley-tisdale"
"8 - shailene-woodley"
"sandro-neon-orange-sweater"
"37 - sarah-hyland"
"american-apparel-nylon-tricot-figure-skater-dress"
"alice-olivia-boat-neck-open-back-dress"
"bcbgmaxazria-stripe-lace-dress"
"17 - hilary-duff"
"72 - jennifer-morrison"
"cameo-align-wide-leg-pant"
"susana-monaco-light-supplex-arya-40-dress"
"10 - chloe-moretz"
"chanel-limited-edition-vip-gift-hoodie"
"jimmy-choo-xenia-sandals"
rake aborted!
OpenURI::HTTPError: 400 Bad Request
/var/www/dev.vigme.com/lib/tasks/kimono.rake:129:in `getImageUrl'
/var/www/dev.vigme.com/lib/tasks/kimono.rake:114:in `getProduct'
/var/www/dev.vigme.com/lib/tasks/kimono.rake:94:in `getProducts'
/var/www/dev.vigme.com/lib/tasks/kimono.rake:55:in `block (4 levels) in <top (required)>'
/var/www/dev.vigme.com/lib/tasks/kimono.rake:10:in `each'
/var/www/dev.vigme.com/lib/tasks/kimono.rake:10:in `block (3 levels) in <top (required)>'
/var/www/dev.vigme.com/lib/tasks/kimono.rake:5:in `each'
/var/www/dev.vigme.com/lib/tasks/kimono.rake:5:in `block (2 levels) in <top (required)>'
Tasks: TOP => kimono:coolspotters
(See full trace by running task with --trace)
"2 - kristen-stewart"
"4533 - nina-dobrev"
"4 - emma-watson"
"5 - selena-gomez"
"30 - blake-lively"
"dvb-black-pencil-dress"
"20 - lily-collins"
"asos-90s-crop-top"
"18 - emma-stone"
"14 - jennifer-lawrence"
"ulla-johnson-corsica-dress"
"6 - ariana-grande"
rake aborted!
OpenURI::HTTPError: 503 Service Unavailable
/var/www/dev.vigme.com/lib/tasks/kimono.rake:74:in `getProducts'
/var/www/dev.vigme.com/lib/tasks/kimono.rake:55:in `block (4 levels) in <top (required)>'
/var/www/dev.vigme.com/lib/tasks/kimono.rake:10:in `each'
/var/www/dev.vigme.com/lib/tasks/kimono.rake:10:in `block (3 levels) in <top (required)>'
/var/www/dev.vigme.com/lib/tasks/kimono.rake:5:in `each'
/var/www/dev.vigme.com/lib/tasks/kimono.rake:5:in `block (2 levels) in <top (required)>'
Tasks: TOP => kimono:coolspotters
(See full trace by running task with --trace)
"2 - kristen-stewart"
"4533 - nina-dobrev"
"4 - emma-watson"
"5 - selena-gomez"
"30 - blake-lively"
rake aborted!
OpenURI::HTTPError: 400 Bad Request
/var/www/dev.vigme.com/lib/tasks/kimono.rake:74:in `getProducts'
/var/www/dev.vigme.com/lib/tasks/kimono.rake:55:in `block (4 levels) in <top (required)>'
/var/www/dev.vigme.com/lib/tasks/kimono.rake:10:in `each'
/var/www/dev.vigme.com/lib/tasks/kimono.rake:10:in `block (3 levels) in <top (required)>'
/var/www/dev.vigme.com/lib/tasks/kimono.rake:5:in `each'
/var/www/dev.vigme.com/lib/tasks/kimono.rake:5:in `block (2 levels) in <top (required)>'
Tasks: TOP => kimono:coolspotters
(See full trace by running task with --trace)
"2 - kristen-stewart"
"buffalo-plaid-red-and-black-button-down-shirt"
"4533 - nina-dobrev"
"4 - emma-watson"
"5 - selena-gomez"
"30 - blake-lively"
"20 - lily-collins"
"18 - emma-stone"
"14 - jennifer-lawrence"
"iro-shearling-wool-blend-cidji-coat"
"bebe-contrast-trim-trench-coat"
"6 - ariana-grande"
"american-apparel-cotton-spandex-crop-tank"
"13 - ashley-greene"
"12 - vanessa-hudgens"
"48 - dakota-johnson"
"19 - nikki-reed"
"16 - ashley-tisdale"
"8 - shailene-woodley"
"37 - sarah-hyland"
"17 - hilary-duff"
"72 - jennifer-morrison"
"10 - chloe-moretz"
"9 - lucy-hale"
"115 - jennifer-garner"
"autumn-cashmere-fairisle-drape-cardigan"
"mother-the-looker-ankle-zip-jeans"
"etoile-isabel-marant-demie-blouse"
"elizabeth-and-james-tokyo-top-in-dark-violet-print"
"the-north-face-pamir-windstopper-jacket"
"valentino-techno-couture-crepe-dress-with-lace-top"
"dolce-and-gabbana-resort-2014-black-dress"
"alexander-mcqueen-fall-2013-embellished-crepe-blazer"
"elizabeth-and-james-hand-knit-cable-pullover"
"chan-luu-cashmere-and-silk-scarf-in"
"isabel-marant-beslay-boot"
"isabel-marant-dicker-suede-boots"
"alexander-mcqueen-belted-patch-pocket-dress"
"alexander-mcqueen-crepe-jacket-with-zipper-detail"
"7-for-all-mankind-bootcut-with-flap-in-portugal"
"seven-for-all-mankind-ginger-high-rise-jeans-in-lightweight-mercer"
"elizabeth-and-james-carrine-shirt"
"33 - reese-witherspoon"
"107 - annasophia-robb"
"h-and-m-sequin-jacket"
"american-apparel-floral-printed-cotton-spandex-crop-tank"
"lovers-friends-angel-dress"
"jenni-kayne-spring-2013-rtw-skirt"
"alice-olivia-feather-skirt-open-back-dress"
"american-apparel-unisex-polka-dot-flex-fleece-zip-hoody"
"rebecca-minkoff-jolie-acid-tweed-jacket"
"diane-von-furstenberg-julian-lucky-horse-wrap-dress"
"bongo-juniors-varsity-jacket"
"rachel-zoe-cotton-blend-v-neck-dress"
"rebecca-minkoff-molina-pants"
"rebecca-minkoff-malone-top"
"rachel-antonoff-forever-crush-tee"
"7 - michelle-keegan"
"michelle-keegan-zip-detail-pencil-skirt"
"michelle-keegan-bar-trim-skater-dress"
"penny-plains-collared-top"
"zara-flat-leather-sandals"
"topshop-knitted-sequin-present-jumper"
"40 - dakota-fanning"
"22 - jessica-alba"
"nina-ricci-marche-tote"
"j-brand-houlihan-skinny-cargo-pants"
"burberry-double-breasted-cotton-trench-coat"
"zadig-and-voltaire-texas-print-deluxe-top"
"28 - rachel-bilson"
"lacoste-short-sleeve-stretch-pique-polo"
"american-apparel-unisex-salt-and-pepper-zip-hoody"
"juicy-couture-faux-fur-trimmed-collar-belted-wool-cardigan"
"etoile-isabel-marant-daryl-dress"
"madewell-spotdot-sweater"
"marc-by-marc-jacobs-camino-metallic-knit-sweater"
"lanston-rib-tank"
"burberry-prorsum-spring-2011-rtw-quilted-leather-jacket"
"market-patti-short-boxy-top"
"150 - anne-hathaway"
"valentino-sheer-neck-leather-trim-dress"
"31-phillip-lim-pre-fall-2014-coat"
"66 - sarah-michelle-gellar"
"21 - jenna-louise-coleman"
"boy-by-band-of-outsiders-babydoll-collarless-dress"
"urban-outfitters-sparkle-and-fade-carnation-zip-through-skirt"
"karen-millen-masculine-oversize-check-skirt"
"vaudeville-and-burlesque-short-sleeved-fit-and-flare-dress"
"silence-and-noise-fishtail-shirtdress"
"topshop-geo-long-sleeve-polo-top"
"308 - felicity-jones"
"viktor-and-rolf-v-neck-tuxedo-dress"
"marc-jacobs-polka-dot-crepe-mermaid-maxi-skirt"
"burberry-prorsum-resort-2012-leather-trench-coat"
"dolce-and-gabbana-spring-2012-floral-printed-dress"
"erdem-spring-2011-rtw-lace-and-floral-printed-dress"
"valentino-organdy-flower-dress"
"kate-spade-effie-blouse"
"73 - dianna-agron"
"levis-denim-jacket"
"hunter-dixon-by-hunter-bell-maraschino-lace-dress"
"anthropologie-mariposa-lace-dress"
"24 - elle-fanning"
"172 - kaya-scodelario"
"topshop-lace-bralet"
"miss-selfridge-black-lace-insert-dress"
"topshop-black-leather-biker-jacket-by-boutique"
"wildfox-seeing-stars-intarsia-loose-knit-sweater"
"topshop-sleeveless-stripe-shirt"
"416 - marion-cotillard"
"dolce-and-gabbana-polka-dot-sheer-chiffon-dress"
"anna-sui-rose-trellis-border-print-kimono"
"137 - sofia-vergara"
"agent-provocateur-mercy-corset"
"bella-dahl-split-back-button-down"
"torn-by-ronny-kobo-ainsley-dress"
"herve-leger-scalloped-flare-skirt-bandage-dress"
"143 - sienna-miller"
"diane-von-furstenberg-new-zarita-lace-dress"
"357 - gillian-jacobs"
"bionda-castana-dekota-mesh-lace-up-pumps"
"carven-multi-stripe-knit-sweater"
"parker-vita-dress"
"marissa-webb-isabelli-addington-jacket"
"osklen-buffalo-plaid-shirtdress"
"23 - bella-thorne"
"free-people-voile-and-lace-trapeze-slip"
"384 - kerry-washington"
"kate-spade-new-york-adelle-silk-fit-and-fflare-dress"
"maxmara-pianoforte-parigi-dress"
"lauren-ralph-lauren-glen-plaid-wool-dress"
"parker-whitefield-dress"
"marc-jacobs-double-faced-cashmere-wrap-coat"
rake aborted!
OpenURI::HTTPError: 503 Service Unavailable
/var/www/dev.vigme.com/lib/tasks/kimono.rake:129:in `getImageUrl'
/var/www/dev.vigme.com/lib/tasks/kimono.rake:114:in `getProduct'
/var/www/dev.vigme.com/lib/tasks/kimono.rake:94:in `getProducts'
/var/www/dev.vigme.com/lib/tasks/kimono.rake:55:in `block (4 levels) in <top (required)>'
/var/www/dev.vigme.com/lib/tasks/kimono.rake:10:in `each'
/var/www/dev.vigme.com/lib/tasks/kimono.rake:10:in `block (3 levels) in <top (required)>'
/var/www/dev.vigme.com/lib/tasks/kimono.rake:5:in `each'
/var/www/dev.vigme.com/lib/tasks/kimono.rake:5:in `block (2 levels) in <top (required)>'
Tasks: TOP => kimono:coolspotters
(See full trace by running task with --trace)
"2 - kristen-stewart"
"buffalo-plaid-red-and-black-button-down-shirt"
"4533 - nina-dobrev"
"buffalo-plaid-red-and-black-button-down-shirt"
"4 - emma-watson"
"5 - selena-gomez"
"30 - blake-lively"
"burberry-belted-lace-trench-coat"
"20 - lily-collins"
"18 - emma-stone"
"14 - jennifer-lawrence"
rake aborted!
OpenURI::HTTPError: 503 Service Unavailable
/var/www/dev.vigme.com/lib/tasks/kimono.rake:74:in `getProducts'
/var/www/dev.vigme.com/lib/tasks/kimono.rake:55:in `block (4 levels) in <top (required)>'
/var/www/dev.vigme.com/lib/tasks/kimono.rake:10:in `each'
/var/www/dev.vigme.com/lib/tasks/kimono.rake:10:in `block (3 levels) in <top (required)>'
/var/www/dev.vigme.com/lib/tasks/kimono.rake:5:in `each'
/var/www/dev.vigme.com/lib/tasks/kimono.rake:5:in `block (2 levels) in <top (required)>'
Tasks: TOP => kimono:coolspotters
(See full trace by running task with --trace)
"2 - kristen-stewart"
"4533 - nina-dobrev"
"4 - emma-watson"
"5 - selena-gomez"
"30 - blake-lively"
"dvb-black-pencil-dress"
"mike-gonzalez-zola-leather-belted-long-sleeve-funnel-neck-coat"
"burberry-belted-lace-trench-coat"
"alice-olivia-front-zip-leather-legging"
"black-halo-jackie-o-dress"
"20 - lily-collins"
"asos-90s-crop-top"
"18 - emma-stone"
"14 - jennifer-lawrence"
"6 - ariana-grande"
"13 - ashley-greene"
"12 - vanessa-hudgens"
"48 - dakota-johnson"
"diane-von-furstenberg-spring-2014-rtw-lace-up-printed-dress"
"donna-karan-opaques-collection-luxe-layer-over-the-knee-hosiery"
"19 - nikki-reed"
"gypsy-05-sofia-stripe-maxi-dress"
"alternative-apparel-eco-heather-sleeveless-zip-hoodie-in-eco-black"
"16 - ashley-tisdale"
"8 - shailene-woodley"
"37 - sarah-hyland"
"american-apparel-nylon-spandex-stretch-floral-lace-bodysuit"
"17 - hilary-duff"
"72 - jennifer-morrison"
"10 - chloe-moretz"
"9 - lucy-hale"
"north-face-metropolis-parka"
"adidas-originals-polka-dot-firebird-jacket"
"115 - jennifer-garner"
"33 - reese-witherspoon"
"107 - annasophia-robb"
"lovers-friends-angel-dress"
"7 - michelle-keegan"
"40 - dakota-fanning"
"22 - jessica-alba"
"rails-kendra-plaid-gauze-shirt"
"28 - rachel-bilson"
"150 - anne-hathaway"
"victoria-by-victoria-beckham-spring-2013-striped-dress"
"valentino-sheer-neck-leather-trim-dress"
"66 - sarah-michelle-gellar"
"21 - jenna-louise-coleman"
"vaudeville-and-burlesque-short-sleeved-fit-and-flare-dress"
"silence-and-noise-fishtail-shirtdress"
"topshop-crinkle-duster-coat"
"topshop-embellished-folk-jaquard-skirt"
"topshop-geo-long-sleeve-polo-top"
"elizabeth-and-james-raincloud-intarsia-knit-sweater"
"karen-millen-masculine-oversize-check-skirt"
"308 - felicity-jones"
"valentino-organdy-flower-dress"
"73 - dianna-agron"
"24 - elle-fanning"
"172 - kaya-scodelario"
"asos-pencil-skirt-in-leather"
"miss-selfridge-black-lace-insert-dress"
"416 - marion-cotillard"
"anna-sui-rose-trellis-border-print-kimono"
"137 - sofia-vergara"
"dolce-and-gabbana-fall-2012-white-lace-dress"
"143 - sienna-miller"
"357 - gillian-jacobs"
"gant-by-michael-bastian-cardinal-fair-isle-crew-sweater"
"23 - bella-thorne"
"topshop-knitted-fluffy-crew-jumper"
"384 - kerry-washington"
"296 - jessica-chastain"
rake aborted!
OpenURI::HTTPError: 503 Service Unavailable
/var/www/dev.vigme.com/lib/tasks/kimono.rake:74:in `getProducts'
/var/www/dev.vigme.com/lib/tasks/kimono.rake:55:in `block (4 levels) in <top (required)>'
/var/www/dev.vigme.com/lib/tasks/kimono.rake:10:in `each'
/var/www/dev.vigme.com/lib/tasks/kimono.rake:10:in `block (3 levels) in <top (required)>'
/var/www/dev.vigme.com/lib/tasks/kimono.rake:5:in `each'
/var/www/dev.vigme.com/lib/tasks/kimono.rake:5:in `block (2 levels) in <top (required)>'
Tasks: TOP => kimono:coolspotters
(See full trace by running task with --trace)
"2 - kristen-stewart"
rake aborted!
OpenURI::HTTPError: 400 Bad Request
/var/www/dev.vigme.com/lib/tasks/kimono.rake:74:in `getProducts'
/var/www/dev.vigme.com/lib/tasks/kimono.rake:55:in `block (4 levels) in <top (required)>'
/var/www/dev.vigme.com/lib/tasks/kimono.rake:10:in `each'
/var/www/dev.vigme.com/lib/tasks/kimono.rake:10:in `block (3 levels) in <top (required)>'
/var/www/dev.vigme.com/lib/tasks/kimono.rake:5:in `each'
/var/www/dev.vigme.com/lib/tasks/kimono.rake:5:in `block (2 levels) in <top (required)>'
Tasks: TOP => kimono:coolspotters
(See full trace by running task with --trace)
"2 - kristen-stewart"
rake aborted!
OpenURI::HTTPError: 400 Bad Request
/var/www/dev.vigme.com/lib/tasks/kimono.rake:74:in `getProducts'
/var/www/dev.vigme.com/lib/tasks/kimono.rake:55:in `block (4 levels) in <top (required)>'
/var/www/dev.vigme.com/lib/tasks/kimono.rake:10:in `each'
/var/www/dev.vigme.com/lib/tasks/kimono.rake:10:in `block (3 levels) in <top (required)>'
/var/www/dev.vigme.com/lib/tasks/kimono.rake:5:in `each'
/var/www/dev.vigme.com/lib/tasks/kimono.rake:5:in `block (2 levels) in <top (required)>'
Tasks: TOP => kimono:coolspotters
(See full trace by running task with --trace)
"2 - kristen-stewart"
rake aborted!
OpenURI::HTTPError: 400 Bad Request
/var/www/dev.vigme.com/lib/tasks/kimono.rake:74:in `getProducts'
/var/www/dev.vigme.com/lib/tasks/kimono.rake:55:in `block (4 levels) in <top (required)>'
/var/www/dev.vigme.com/lib/tasks/kimono.rake:10:in `each'
/var/www/dev.vigme.com/lib/tasks/kimono.rake:10:in `block (3 levels) in <top (required)>'
/var/www/dev.vigme.com/lib/tasks/kimono.rake:5:in `each'
/var/www/dev.vigme.com/lib/tasks/kimono.rake:5:in `block (2 levels) in <top (required)>'
Tasks: TOP => kimono:coolspotters
(See full trace by running task with --trace)
"2 - kristen-stewart"
rake aborted!
OpenURI::HTTPError: 400 Bad Request
/var/www/dev.vigme.com/lib/tasks/kimono.rake:74:in `getProducts'
/var/www/dev.vigme.com/lib/tasks/kimono.rake:55:in `block (4 levels) in <top (required)>'
/var/www/dev.vigme.com/lib/tasks/kimono.rake:10:in `each'
/var/www/dev.vigme.com/lib/tasks/kimono.rake:10:in `block (3 levels) in <top (required)>'
/var/www/dev.vigme.com/lib/tasks/kimono.rake:5:in `each'
/var/www/dev.vigme.com/lib/tasks/kimono.rake:5:in `block (2 levels) in <top (required)>'
Tasks: TOP => kimono:coolspotters
(See full trace by running task with --trace)
rake aborted!
NoMethodError: undefined method `each' for nil:NilClass
/var/www/dev.vigme.com/lib/tasks/kimono.rake:10:in `block (3 levels) in <top (required)>'
/var/www/dev.vigme.com/lib/tasks/kimono.rake:5:in `each'
/var/www/dev.vigme.com/lib/tasks/kimono.rake:5:in `block (2 levels) in <top (required)>'
Tasks: TOP => kimono:coolspotters
(See full trace by running task with --trace)
rake aborted!
NoMethodError: undefined method `each' for nil:NilClass
/var/www/dev.vigme.com/lib/tasks/kimono.rake:10:in `block (3 levels) in <top (required)>'
/var/www/dev.vigme.com/lib/tasks/kimono.rake:5:in `each'
/var/www/dev.vigme.com/lib/tasks/kimono.rake:5:in `block (2 levels) in <top (required)>'
Tasks: TOP => kimono:coolspotters
(See full trace by running task with --trace)
