rake aborted!
ArgumentError: Missing :action key on routes definition, please check your routes.
/home/andy/.rvm/gems/ruby-2.1.2/gems/actionpack-4.1.0/lib/action_dispatch/routing/mapper.rb:243:in `default_controller_and_action'
/home/andy/.rvm/gems/ruby-2.1.2/gems/actionpack-4.1.0/lib/action_dispatch/routing/mapper.rb:117:in `normalize_options!'
/home/andy/.rvm/gems/ruby-2.1.2/gems/actionpack-4.1.0/lib/action_dispatch/routing/mapper.rb:65:in `initialize'
/home/andy/.rvm/gems/ruby-2.1.2/gems/actionpack-4.1.0/lib/action_dispatch/routing/mapper.rb:1462:in `new'
/home/andy/.rvm/gems/ruby-2.1.2/gems/actionpack-4.1.0/lib/action_dispatch/routing/mapper.rb:1462:in `add_route'
/home/andy/.rvm/gems/ruby-2.1.2/gems/actionpack-4.1.0/lib/action_dispatch/routing/mapper.rb:1441:in `decomposed_match'
/home/andy/.rvm/gems/ruby-2.1.2/gems/actionpack-4.1.0/lib/action_dispatch/routing/mapper.rb:1422:in `block in match'
/home/andy/.rvm/gems/ruby-2.1.2/gems/actionpack-4.1.0/lib/action_dispatch/routing/mapper.rb:1412:in `each'
/home/andy/.rvm/gems/ruby-2.1.2/gems/actionpack-4.1.0/lib/action_dispatch/routing/mapper.rb:1412:in `match'
/home/andy/.rvm/gems/ruby-2.1.2/gems/actionpack-4.1.0/lib/action_dispatch/routing/mapper.rb:613:in `map_method'
/home/andy/.rvm/gems/ruby-2.1.2/gems/actionpack-4.1.0/lib/action_dispatch/routing/mapper.rb:574:in `get'
/var/www/dev.vigme.com/config/routes.rb:78:in `block in <top (required)>'
/home/andy/.rvm/gems/ruby-2.1.2/gems/actionpack-4.1.0/lib/action_dispatch/routing/route_set.rb:335:in `instance_exec'
/home/andy/.rvm/gems/ruby-2.1.2/gems/actionpack-4.1.0/lib/action_dispatch/routing/route_set.rb:335:in `eval_block'
/home/andy/.rvm/gems/ruby-2.1.2/gems/actionpack-4.1.0/lib/action_dispatch/routing/route_set.rb:313:in `draw'
/var/www/dev.vigme.com/config/routes.rb:1:in `<top (required)>'
/home/andy/.rvm/gems/ruby-2.1.2/gems/activesupport-4.1.0/lib/active_support/dependencies.rb:241:in `load'
/home/andy/.rvm/gems/ruby-2.1.2/gems/activesupport-4.1.0/lib/active_support/dependencies.rb:241:in `block in load'
/home/andy/.rvm/gems/ruby-2.1.2/gems/activesupport-4.1.0/lib/active_support/dependencies.rb:232:in `load_dependency'
/home/andy/.rvm/gems/ruby-2.1.2/gems/activesupport-4.1.0/lib/active_support/dependencies.rb:241:in `load'
/home/andy/.rvm/gems/ruby-2.1.2/gems/railties-4.1.0/lib/rails/application/routes_reloader.rb:40:in `block in load_paths'
/home/andy/.rvm/gems/ruby-2.1.2/gems/railties-4.1.0/lib/rails/application/routes_reloader.rb:40:in `each'
/home/andy/.rvm/gems/ruby-2.1.2/gems/railties-4.1.0/lib/rails/application/routes_reloader.rb:40:in `load_paths'
/home/andy/.rvm/gems/ruby-2.1.2/gems/railties-4.1.0/lib/rails/application/routes_reloader.rb:16:in `reload!'
/home/andy/.rvm/gems/ruby-2.1.2/gems/railties-4.1.0/lib/rails/application/routes_reloader.rb:26:in `block in updater'
/home/andy/.rvm/gems/ruby-2.1.2/gems/activesupport-4.1.0/lib/active_support/file_update_checker.rb:75:in `call'
/home/andy/.rvm/gems/ruby-2.1.2/gems/activesupport-4.1.0/lib/active_support/file_update_checker.rb:75:in `execute'
/home/andy/.rvm/gems/ruby-2.1.2/gems/railties-4.1.0/lib/rails/application/routes_reloader.rb:27:in `updater'
/home/andy/.rvm/gems/ruby-2.1.2/gems/railties-4.1.0/lib/rails/application/routes_reloader.rb:7:in `execute_if_updated'
/home/andy/.rvm/gems/ruby-2.1.2/gems/railties-4.1.0/lib/rails/application/finisher.rb:71:in `block in <module:Finisher>'
/home/andy/.rvm/gems/ruby-2.1.2/gems/railties-4.1.0/lib/rails/initializable.rb:30:in `instance_exec'
/home/andy/.rvm/gems/ruby-2.1.2/gems/railties-4.1.0/lib/rails/initializable.rb:30:in `run'
/home/andy/.rvm/gems/ruby-2.1.2/gems/railties-4.1.0/lib/rails/initializable.rb:55:in `block in run_initializers'
/home/andy/.rvm/gems/ruby-2.1.2/gems/railties-4.1.0/lib/rails/initializable.rb:54:in `run_initializers'
/home/andy/.rvm/gems/ruby-2.1.2/gems/railties-4.1.0/lib/rails/application.rb:288:in `initialize!'
/var/www/dev.vigme.com/config/environment.rb:5:in `<top (required)>'
/home/andy/.rvm/gems/ruby-2.1.2/gems/activesupport-4.1.0/lib/active_support/dependencies.rb:247:in `require'
/home/andy/.rvm/gems/ruby-2.1.2/gems/activesupport-4.1.0/lib/active_support/dependencies.rb:247:in `block in require'
/home/andy/.rvm/gems/ruby-2.1.2/gems/activesupport-4.1.0/lib/active_support/dependencies.rb:232:in `load_dependency'
/home/andy/.rvm/gems/ruby-2.1.2/gems/activesupport-4.1.0/lib/active_support/dependencies.rb:247:in `require'
/home/andy/.rvm/gems/ruby-2.1.2/gems/railties-4.1.0/lib/rails/application.rb:264:in `require_environment!'
/home/andy/.rvm/gems/ruby-2.1.2/gems/railties-4.1.0/lib/rails/application.rb:367:in `block in run_tasks_blocks'
Tasks: TOP => update:celebrity_products => environment
(See full trace by running task with --trace)
